Start testing: Nov 04 15:58 CET
----------------------------------------------------------
1/1 Testing: test_vrp
1/1 Test: test_vrp
Command: "/home/dade/Desktop/capacitated-mapd/third_party/or-tools_cpp_Ubuntu-22.04-64bit_v9.4.1874/examples/vrp/build/bin/vrp"
Directory: /home/dade/Desktop/capacitated-mapd/third_party/or-tools_cpp_Ubuntu-22.04-64bit_v9.4.1874/examples/vrp/build
"test_vrp" start time: Nov 04 15:58 CET
Output:
----------------------------------------------------------
WARNING: Logging before InitGoogleLogging() is written to STDERR
I1104 15:58:28.216158  5222 vrp.cc:78] Objective: 4384
I1104 15:58:28.216240  5222 vrp.cc:82] Route for Vehicle 0:
I1104 15:58:28.216249  5222 vrp.cc:92] 0 -> 0
I1104 15:58:28.216252  5222 vrp.cc:93] Distance of the route: 0m
I1104 15:58:28.216256  5222 vrp.cc:82] Route for Vehicle 1:
I1104 15:58:28.216259  5222 vrp.cc:92] 0 -> 0
I1104 15:58:28.216261  5222 vrp.cc:93] Distance of the route: 0m
I1104 15:58:28.216264  5222 vrp.cc:82] Route for Vehicle 2:
I1104 15:58:28.216267  5222 vrp.cc:92] 0 -> 0
I1104 15:58:28.216269  5222 vrp.cc:93] Distance of the route: 0m
I1104 15:58:28.216273  5222 vrp.cc:82] Route for Vehicle 3:
I1104 15:58:28.216279  5222 vrp.cc:92] 0 -> 9 -> 5 -> 8 -> 6 -> 2 -> 10 -> 16 -> 14 -> 13 -> 12 -> 11 -> 15 -> 3 -> 4 -> 1 -> 7 -> 0
I1104 15:58:28.216282  5222 vrp.cc:93] Distance of the route: 4384m
I1104 15:58:28.216285  5222 vrp.cc:96] Total distance of all routes: 4384m
I1104 15:58:28.216288  5222 vrp.cc:97] 
I1104 15:58:28.216290  5222 vrp.cc:98] Advanced usage:
I1104 15:58:28.216293  5222 vrp.cc:99] Problem solved in 2ms
<end of output>
Test time =   0.01 sec
----------------------------------------------------------
Test Passed.
"test_vrp" end time: Nov 04 15:58 CET
"test_vrp" time elapsed: 00:00:00
----------------------------------------------------------

End testing: Nov 04 15:58 CET
