Start testing: Nov 04 15:58 CET
----------------------------------------------------------
1/1 Testing: test_nurses_cp
1/1 Test: test_nurses_cp
Command: "/home/dade/Desktop/capacitated-mapd/third_party/or-tools_cpp_Ubuntu-22.04-64bit_v9.4.1874/examples/nurses_cp/build/bin/nurses_cp"
Directory: /home/dade/Desktop/capacitated-mapd/third_party/or-tools_cpp_Ubuntu-22.04-64bit_v9.4.1874/examples/nurses_cp/build
"test_nurses_cp" start time: Nov 04 15:58 CET
Output:
----------------------------------------------------------
I1104 15:58:30.928558  5299 nurses_cp.cc:35] Nurses: 0 1 2 3
I1104 15:58:30.928703  5299 nurses_cp.cc:44] Shifts: 0 1 2 3
I1104 15:58:30.928716  5299 nurses_cp.cc:52] Days: 0 1 2 3 4 5 6
I1104 15:58:31.425804  5299 nurses_cp.cc:184] Number of solutions: 18144
I1104 15:58:31.425825  5299 nurses_cp.cc:185] 
I1104 15:58:31.425828  5299 nurses_cp.cc:190] Solution 859:
I1104 15:58:31.425830  5299 nurses_cp.cc:192] Day 0:
I1104 15:58:31.425833  5299 nurses_cp.cc:194] Nurse 0 assigned to Task 0
I1104 15:58:31.425842  5299 nurses_cp.cc:194] Nurse 1 assigned to Task 2
I1104 15:58:31.425844  5299 nurses_cp.cc:194] Nurse 2 assigned to Task 3
I1104 15:58:31.425848  5299 nurses_cp.cc:194] Nurse 3 assigned to Task 1
I1104 15:58:31.425851  5299 nurses_cp.cc:192] Day 1:
I1104 15:58:31.425853  5299 nurses_cp.cc:194] Nurse 0 assigned to Task 0
I1104 15:58:31.425855  5299 nurses_cp.cc:194] Nurse 1 assigned to Task 2
I1104 15:58:31.425858  5299 nurses_cp.cc:194] Nurse 2 assigned to Task 3
I1104 15:58:31.425861  5299 nurses_cp.cc:194] Nurse 3 assigned to Task 1
I1104 15:58:31.425864  5299 nurses_cp.cc:192] Day 2:
I1104 15:58:31.425868  5299 nurses_cp.cc:194] Nurse 0 assigned to Task 2
I1104 15:58:31.425870  5299 nurses_cp.cc:194] Nurse 1 assigned to Task 1
I1104 15:58:31.425873  5299 nurses_cp.cc:194] Nurse 2 assigned to Task 3
I1104 15:58:31.425876  5299 nurses_cp.cc:194] Nurse 3 assigned to Task 0
I1104 15:58:31.425878  5299 nurses_cp.cc:192] Day 3:
I1104 15:58:31.425882  5299 nurses_cp.cc:194] Nurse 0 assigned to Task 2
I1104 15:58:31.425885  5299 nurses_cp.cc:194] Nurse 1 assigned to Task 0
I1104 15:58:31.425888  5299 nurses_cp.cc:194] Nurse 2 assigned to Task 3
I1104 15:58:31.425891  5299 nurses_cp.cc:194] Nurse 3 assigned to Task 1
I1104 15:58:31.425894  5299 nurses_cp.cc:192] Day 4:
I1104 15:58:31.425897  5299 nurses_cp.cc:194] Nurse 0 assigned to Task 2
I1104 15:58:31.425900  5299 nurses_cp.cc:194] Nurse 1 assigned to Task 0
I1104 15:58:31.425904  5299 nurses_cp.cc:194] Nurse 2 assigned to Task 3
I1104 15:58:31.425906  5299 nurses_cp.cc:194] Nurse 3 assigned to Task 1
I1104 15:58:31.425909  5299 nurses_cp.cc:192] Day 5:
I1104 15:58:31.425911  5299 nurses_cp.cc:194] Nurse 0 assigned to Task 3
I1104 15:58:31.425914  5299 nurses_cp.cc:194] Nurse 1 assigned to Task 2
I1104 15:58:31.425917  5299 nurses_cp.cc:194] Nurse 2 assigned to Task 0
I1104 15:58:31.425920  5299 nurses_cp.cc:194] Nurse 3 assigned to Task 1
I1104 15:58:31.425922  5299 nurses_cp.cc:192] Day 6:
I1104 15:58:31.425925  5299 nurses_cp.cc:194] Nurse 0 assigned to Task 3
I1104 15:58:31.425929  5299 nurses_cp.cc:194] Nurse 1 assigned to Task 2
I1104 15:58:31.425930  5299 nurses_cp.cc:194] Nurse 2 assigned to Task 0
I1104 15:58:31.425933  5299 nurses_cp.cc:194] Nurse 3 assigned to Task 1
I1104 15:58:31.425936  5299 nurses_cp.cc:190] Solution 2034:
I1104 15:58:31.425938  5299 nurses_cp.cc:192] Day 0:
I1104 15:58:31.425941  5299 nurses_cp.cc:194] Nurse 0 assigned to Task 0
I1104 15:58:31.425945  5299 nurses_cp.cc:194] Nurse 1 assigned to Task 1
I1104 15:58:31.425948  5299 nurses_cp.cc:194] Nurse 2 assigned to Task 3
I1104 15:58:31.425951  5299 nurses_cp.cc:194] Nurse 3 assigned to Task 2
I1104 15:58:31.425954  5299 nurses_cp.cc:192] Day 1:
I1104 15:58:31.425957  5299 nurses_cp.cc:194] Nurse 0 assigned to Task 1
I1104 15:58:31.425960  5299 nurses_cp.cc:194] Nurse 1 assigned to Task 2
I1104 15:58:31.425961  5299 nurses_cp.cc:194] Nurse 2 assigned to Task 3
I1104 15:58:31.425964  5299 nurses_cp.cc:194] Nurse 3 assigned to Task 0
I1104 15:58:31.425967  5299 nurses_cp.cc:192] Day 2:
I1104 15:58:31.425969  5299 nurses_cp.cc:194] Nurse 0 assigned to Task 1
I1104 15:58:31.425973  5299 nurses_cp.cc:194] Nurse 1 assigned to Task 2
I1104 15:58:31.425976  5299 nurses_cp.cc:194] Nurse 2 assigned to Task 0
I1104 15:58:31.425979  5299 nurses_cp.cc:194] Nurse 3 assigned to Task 3
I1104 15:58:31.425982  5299 nurses_cp.cc:192] Day 3:
I1104 15:58:31.425984  5299 nurses_cp.cc:194] Nurse 0 assigned to Task 1
I1104 15:58:31.425987  5299 nurses_cp.cc:194] Nurse 1 assigned to Task 2
I1104 15:58:31.425989  5299 nurses_cp.cc:194] Nurse 2 assigned to Task 0
I1104 15:58:31.425992  5299 nurses_cp.cc:194] Nurse 3 assigned to Task 3
I1104 15:58:31.425995  5299 nurses_cp.cc:192] Day 4:
I1104 15:58:31.425998  5299 nurses_cp.cc:194] Nurse 0 assigned to Task 1
I1104 15:58:31.426002  5299 nurses_cp.cc:194] Nurse 1 assigned to Task 2
I1104 15:58:31.426006  5299 nurses_cp.cc:194] Nurse 2 assigned to Task 3
I1104 15:58:31.426008  5299 nurses_cp.cc:194] Nurse 3 assigned to Task 0
I1104 15:58:31.426011  5299 nurses_cp.cc:192] Day 5:
I1104 15:58:31.426014  5299 nurses_cp.cc:194] Nurse 0 assigned to Task 1
I1104 15:58:31.426016  5299 nurses_cp.cc:194] Nurse 1 assigned to Task 0
I1104 15:58:31.426018  5299 nurses_cp.cc:194] Nurse 2 assigned to Task 3
I1104 15:58:31.426021  5299 nurses_cp.cc:194] Nurse 3 assigned to Task 2
I1104 15:58:31.426024  5299 nurses_cp.cc:192] Day 6:
I1104 15:58:31.426027  5299 nurses_cp.cc:194] Nurse 0 assigned to Task 0
I1104 15:58:31.426029  5299 nurses_cp.cc:194] Nurse 1 assigned to Task 1
I1104 15:58:31.426032  5299 nurses_cp.cc:194] Nurse 2 assigned to Task 3
I1104 15:58:31.426035  5299 nurses_cp.cc:194] Nurse 3 assigned to Task 2
I1104 15:58:31.426038  5299 nurses_cp.cc:190] Solution 5091:
I1104 15:58:31.426039  5299 nurses_cp.cc:192] Day 0:
I1104 15:58:31.426043  5299 nurses_cp.cc:194] Nurse 0 assigned to Task 1
I1104 15:58:31.426049  5299 nurses_cp.cc:194] Nurse 1 assigned to Task 3
I1104 15:58:31.426052  5299 nurses_cp.cc:194] Nurse 2 assigned to Task 2
I1104 15:58:31.426055  5299 nurses_cp.cc:194] Nurse 3 assigned to Task 0
I1104 15:58:31.426058  5299 nurses_cp.cc:192] Day 1:
I1104 15:58:31.426061  5299 nurses_cp.cc:194] Nurse 0 assigned to Task 0
I1104 15:58:31.426064  5299 nurses_cp.cc:194] Nurse 1 assigned to Task 3
I1104 15:58:31.426066  5299 nurses_cp.cc:194] Nurse 2 assigned to Task 2
I1104 15:58:31.426069  5299 nurses_cp.cc:194] Nurse 3 assigned to Task 1
I1104 15:58:31.426073  5299 nurses_cp.cc:192] Day 2:
I1104 15:58:31.426076  5299 nurses_cp.cc:194] Nurse 0 assigned to Task 1
I1104 15:58:31.426079  5299 nurses_cp.cc:194] Nurse 1 assigned to Task 0
I1104 15:58:31.426082  5299 nurses_cp.cc:194] Nurse 2 assigned to Task 3
I1104 15:58:31.426085  5299 nurses_cp.cc:194] Nurse 3 assigned to Task 2
I1104 15:58:31.426088  5299 nurses_cp.cc:192] Day 3:
I1104 15:58:31.426092  5299 nurses_cp.cc:194] Nurse 0 assigned to Task 1
I1104 15:58:31.426095  5299 nurses_cp.cc:194] Nurse 1 assigned to Task 0
I1104 15:58:31.426097  5299 nurses_cp.cc:194] Nurse 2 assigned to Task 3
I1104 15:58:31.426100  5299 nurses_cp.cc:194] Nurse 3 assigned to Task 2
I1104 15:58:31.426103  5299 nurses_cp.cc:192] Day 4:
I1104 15:58:31.426105  5299 nurses_cp.cc:194] Nurse 0 assigned to Task 1
I1104 15:58:31.426108  5299 nurses_cp.cc:194] Nurse 1 assigned to Task 3
I1104 15:58:31.426110  5299 nurses_cp.cc:194] Nurse 2 assigned to Task 0
I1104 15:58:31.426112  5299 nurses_cp.cc:194] Nurse 3 assigned to Task 2
I1104 15:58:31.426116  5299 nurses_cp.cc:192] Day 5:
I1104 15:58:31.426118  5299 nurses_cp.cc:194] Nurse 0 assigned to Task 0
I1104 15:58:31.426120  5299 nurses_cp.cc:194] Nurse 1 assigned to Task 3
I1104 15:58:31.426123  5299 nurses_cp.cc:194] Nurse 2 assigned to Task 2
I1104 15:58:31.426126  5299 nurses_cp.cc:194] Nurse 3 assigned to Task 1
I1104 15:58:31.426130  5299 nurses_cp.cc:192] Day 6:
I1104 15:58:31.426132  5299 nurses_cp.cc:194] Nurse 0 assigned to Task 1
I1104 15:58:31.426135  5299 nurses_cp.cc:194] Nurse 1 assigned to Task 3
I1104 15:58:31.426140  5299 nurses_cp.cc:194] Nurse 2 assigned to Task 2
I1104 15:58:31.426143  5299 nurses_cp.cc:194] Nurse 3 assigned to Task 0
I1104 15:58:31.426147  5299 nurses_cp.cc:190] Solution 7003:
I1104 15:58:31.426150  5299 nurses_cp.cc:192] Day 0:
I1104 15:58:31.426152  5299 nurses_cp.cc:194] Nurse 0 assigned to Task 1
I1104 15:58:31.426155  5299 nurses_cp.cc:194] Nurse 1 assigned to Task 0
I1104 15:58:31.426158  5299 nurses_cp.cc:194] Nurse 2 assigned to Task 3
I1104 15:58:31.426161  5299 nurses_cp.cc:194] Nurse 3 assigned to Task 2
I1104 15:58:31.426164  5299 nurses_cp.cc:192] Day 1:
I1104 15:58:31.426167  5299 nurses_cp.cc:194] Nurse 0 assigned to Task 1
I1104 15:58:31.426169  5299 nurses_cp.cc:194] Nurse 1 assigned to Task 2
I1104 15:58:31.426172  5299 nurses_cp.cc:194] Nurse 2 assigned to Task 0
I1104 15:58:31.426174  5299 nurses_cp.cc:194] Nurse 3 assigned to Task 3
I1104 15:58:31.426177  5299 nurses_cp.cc:192] Day 2:
I1104 15:58:31.426179  5299 nurses_cp.cc:194] Nurse 0 assigned to Task 1
I1104 15:58:31.426182  5299 nurses_cp.cc:194] Nurse 1 assigned to Task 2
I1104 15:58:31.426185  5299 nurses_cp.cc:194] Nurse 2 assigned to Task 0
I1104 15:58:31.426188  5299 nurses_cp.cc:194] Nurse 3 assigned to Task 3
I1104 15:58:31.426191  5299 nurses_cp.cc:192] Day 3:
I1104 15:58:31.426194  5299 nurses_cp.cc:194] Nurse 0 assigned to Task 0
I1104 15:58:31.426196  5299 nurses_cp.cc:194] Nurse 1 assigned to Task 2
I1104 15:58:31.426199  5299 nurses_cp.cc:194] Nurse 2 assigned to Task 1
I1104 15:58:31.426202  5299 nurses_cp.cc:194] Nurse 3 assigned to Task 3
I1104 15:58:31.426205  5299 nurses_cp.cc:192] Day 4:
I1104 15:58:31.426209  5299 nurses_cp.cc:194] Nurse 0 assigned to Task 1
I1104 15:58:31.426212  5299 nurses_cp.cc:194] Nurse 1 assigned to Task 2
I1104 15:58:31.426215  5299 nurses_cp.cc:194] Nurse 2 assigned to Task 3
I1104 15:58:31.426217  5299 nurses_cp.cc:194] Nurse 3 assigned to Task 0
I1104 15:58:31.426219  5299 nurses_cp.cc:192] Day 5:
I1104 15:58:31.426222  5299 nurses_cp.cc:194] Nurse 0 assigned to Task 1
I1104 15:58:31.426225  5299 nurses_cp.cc:194] Nurse 1 assigned to Task 2
I1104 15:58:31.426228  5299 nurses_cp.cc:194] Nurse 2 assigned to Task 3
I1104 15:58:31.426231  5299 nurses_cp.cc:194] Nurse 3 assigned to Task 0
I1104 15:58:31.426234  5299 nurses_cp.cc:192] Day 6:
I1104 15:58:31.426235  5299 nurses_cp.cc:194] Nurse 0 assigned to Task 1
I1104 15:58:31.426239  5299 nurses_cp.cc:194] Nurse 1 assigned to Task 0
I1104 15:58:31.426243  5299 nurses_cp.cc:194] Nurse 2 assigned to Task 3
I1104 15:58:31.426248  5299 nurses_cp.cc:194] Nurse 3 assigned to Task 2
I1104 15:58:31.426250  5299 nurses_cp.cc:201] Advanced usage:
I1104 15:58:31.426252  5299 nurses_cp.cc:202] Time: 497ms
<end of output>
Test time =   0.52 sec
----------------------------------------------------------
Test Passed.
"test_nurses_cp" end time: Nov 04 15:58 CET
"test_nurses_cp" time elapsed: 00:00:00
----------------------------------------------------------

End testing: Nov 04 15:58 CET
