Start testing: Nov 04 15:58 CET
----------------------------------------------------------
1/1 Testing: test_nurses_sat
1/1 Test: test_nurses_sat
Command: "/home/dade/Desktop/capacitated-mapd/third_party/or-tools_cpp_Ubuntu-22.04-64bit_v9.4.1874/examples/nurses_sat/build/bin/nurses_sat"
Directory: /home/dade/Desktop/capacitated-mapd/third_party/or-tools_cpp_Ubuntu-22.04-64bit_v9.4.1874/examples/nurses_sat/build
"test_nurses_sat" start time: Nov 04 15:58 CET
Output:
----------------------------------------------------------
WARNING: Logging before InitGoogleLogging() is written to STDERR
I1104 15:58:33.886921  5376 nurses_sat.cc:149] Solution 0
I1104 15:58:33.887058  5376 nurses_sat.cc:151] Day 0
I1104 15:58:33.887086  5376 nurses_sat.cc:163]   Nurse 0 does not work
I1104 15:58:33.887093  5376 nurses_sat.cc:158]   Nurse 1 works shift 0
I1104 15:58:33.887101  5376 nurses_sat.cc:158]   Nurse 2 works shift 1
I1104 15:58:33.887108  5376 nurses_sat.cc:158]   Nurse 3 works shift 2
I1104 15:58:33.887114  5376 nurses_sat.cc:151] Day 1
I1104 15:58:33.887121  5376 nurses_sat.cc:158]   Nurse 0 works shift 2
I1104 15:58:33.887128  5376 nurses_sat.cc:163]   Nurse 1 does not work
I1104 15:58:33.887134  5376 nurses_sat.cc:158]   Nurse 2 works shift 1
I1104 15:58:33.887141  5376 nurses_sat.cc:158]   Nurse 3 works shift 0
I1104 15:58:33.887148  5376 nurses_sat.cc:151] Day 2
I1104 15:58:33.887154  5376 nurses_sat.cc:158]   Nurse 0 works shift 2
I1104 15:58:33.887161  5376 nurses_sat.cc:158]   Nurse 1 works shift 1
I1104 15:58:33.887168  5376 nurses_sat.cc:158]   Nurse 2 works shift 0
I1104 15:58:33.887175  5376 nurses_sat.cc:163]   Nurse 3 does not work
I1104 15:58:33.887299  5376 nurses_sat.cc:149] Solution 1
I1104 15:58:33.887309  5376 nurses_sat.cc:151] Day 0
I1104 15:58:33.887316  5376 nurses_sat.cc:158]   Nurse 0 works shift 0
I1104 15:58:33.887323  5376 nurses_sat.cc:163]   Nurse 1 does not work
I1104 15:58:33.887329  5376 nurses_sat.cc:158]   Nurse 2 works shift 1
I1104 15:58:33.887337  5376 nurses_sat.cc:158]   Nurse 3 works shift 2
I1104 15:58:33.887343  5376 nurses_sat.cc:151] Day 1
I1104 15:58:33.887349  5376 nurses_sat.cc:163]   Nurse 0 does not work
I1104 15:58:33.887356  5376 nurses_sat.cc:158]   Nurse 1 works shift 2
I1104 15:58:33.887363  5376 nurses_sat.cc:158]   Nurse 2 works shift 1
I1104 15:58:33.887369  5376 nurses_sat.cc:158]   Nurse 3 works shift 0
I1104 15:58:33.887376  5376 nurses_sat.cc:151] Day 2
I1104 15:58:33.887383  5376 nurses_sat.cc:158]   Nurse 0 works shift 2
I1104 15:58:33.887389  5376 nurses_sat.cc:158]   Nurse 1 works shift 1
I1104 15:58:33.887395  5376 nurses_sat.cc:158]   Nurse 2 works shift 0
I1104 15:58:33.887403  5376 nurses_sat.cc:163]   Nurse 3 does not work
I1104 15:58:33.887518  5376 nurses_sat.cc:149] Solution 2
I1104 15:58:33.887527  5376 nurses_sat.cc:151] Day 0
I1104 15:58:33.887533  5376 nurses_sat.cc:158]   Nurse 0 works shift 0
I1104 15:58:33.887540  5376 nurses_sat.cc:163]   Nurse 1 does not work
I1104 15:58:33.887546  5376 nurses_sat.cc:158]   Nurse 2 works shift 1
I1104 15:58:33.887553  5376 nurses_sat.cc:158]   Nurse 3 works shift 2
I1104 15:58:33.887559  5376 nurses_sat.cc:151] Day 1
I1104 15:58:33.887566  5376 nurses_sat.cc:158]   Nurse 0 works shift 1
I1104 15:58:33.887572  5376 nurses_sat.cc:158]   Nurse 1 works shift 2
I1104 15:58:33.887579  5376 nurses_sat.cc:163]   Nurse 2 does not work
I1104 15:58:33.887586  5376 nurses_sat.cc:158]   Nurse 3 works shift 0
I1104 15:58:33.887592  5376 nurses_sat.cc:151] Day 2
I1104 15:58:33.887598  5376 nurses_sat.cc:158]   Nurse 0 works shift 2
I1104 15:58:33.887605  5376 nurses_sat.cc:158]   Nurse 1 works shift 1
I1104 15:58:33.887611  5376 nurses_sat.cc:158]   Nurse 2 works shift 0
I1104 15:58:33.887618  5376 nurses_sat.cc:163]   Nurse 3 does not work
I1104 15:58:33.887725  5376 nurses_sat.cc:149] Solution 3
I1104 15:58:33.887733  5376 nurses_sat.cc:151] Day 0
I1104 15:58:33.887739  5376 nurses_sat.cc:158]   Nurse 0 works shift 0
I1104 15:58:33.887747  5376 nurses_sat.cc:163]   Nurse 1 does not work
I1104 15:58:33.887753  5376 nurses_sat.cc:158]   Nurse 2 works shift 1
I1104 15:58:33.887760  5376 nurses_sat.cc:158]   Nurse 3 works shift 2
I1104 15:58:33.887766  5376 nurses_sat.cc:151] Day 1
I1104 15:58:33.887772  5376 nurses_sat.cc:158]   Nurse 0 works shift 2
I1104 15:58:33.887779  5376 nurses_sat.cc:158]   Nurse 1 works shift 1
I1104 15:58:33.887786  5376 nurses_sat.cc:163]   Nurse 2 does not work
I1104 15:58:33.887792  5376 nurses_sat.cc:158]   Nurse 3 works shift 0
I1104 15:58:33.887798  5376 nurses_sat.cc:151] Day 2
I1104 15:58:33.887805  5376 nurses_sat.cc:158]   Nurse 0 works shift 2
I1104 15:58:33.887810  5376 nurses_sat.cc:158]   Nurse 1 works shift 1
I1104 15:58:33.887817  5376 nurses_sat.cc:158]   Nurse 2 works shift 0
I1104 15:58:33.887824  5376 nurses_sat.cc:163]   Nurse 3 does not work
I1104 15:58:33.887928  5376 nurses_sat.cc:149] Solution 4
I1104 15:58:33.887937  5376 nurses_sat.cc:151] Day 0
I1104 15:58:33.887942  5376 nurses_sat.cc:163]   Nurse 0 does not work
I1104 15:58:33.887949  5376 nurses_sat.cc:158]   Nurse 1 works shift 0
I1104 15:58:33.887956  5376 nurses_sat.cc:158]   Nurse 2 works shift 1
I1104 15:58:33.887962  5376 nurses_sat.cc:158]   Nurse 3 works shift 2
I1104 15:58:33.887969  5376 nurses_sat.cc:151] Day 1
I1104 15:58:33.887975  5376 nurses_sat.cc:158]   Nurse 0 works shift 2
I1104 15:58:33.887980  5376 nurses_sat.cc:158]   Nurse 1 works shift 1
I1104 15:58:33.887988  5376 nurses_sat.cc:163]   Nurse 2 does not work
I1104 15:58:33.887994  5376 nurses_sat.cc:158]   Nurse 3 works shift 0
I1104 15:58:33.888000  5376 nurses_sat.cc:151] Day 2
I1104 15:58:33.888007  5376 nurses_sat.cc:158]   Nurse 0 works shift 2
I1104 15:58:33.888013  5376 nurses_sat.cc:158]   Nurse 1 works shift 1
I1104 15:58:33.888019  5376 nurses_sat.cc:158]   Nurse 2 works shift 0
I1104 15:58:33.888026  5376 nurses_sat.cc:163]   Nurse 3 does not work
I1104 15:58:33.888032  5376 nurses_sat.cc:170] Stop search after 5 solutions.
I1104 15:58:33.888084  5376 nurses_sat.cc:181] Statistics
I1104 15:58:33.888093  5376 nurses_sat.cc:182] CpSolverResponse summary:
status: FEASIBLE
objective: 0
best_bound: 0
booleans: 36
conflicts: 5
branches: 142
propagations: 328
integer_propagations: 443
restarts: 77
lp_iterations: 0
walltime: 0.00621862
usertime: 0.0062196
deterministic_time: 0.00011241
gap_integral: 0
I1104 15:58:33.888790  5376 nurses_sat.cc:183] solutions found : 5
<end of output>
Test time =   0.02 sec
----------------------------------------------------------
Test Passed.
"test_nurses_sat" end time: Nov 04 15:58 CET
"test_nurses_sat" time elapsed: 00:00:00
----------------------------------------------------------

End testing: Nov 04 15:58 CET
