Start testing: Nov 04 15:58 CET
----------------------------------------------------------
1/1 Testing: test_simple_max_flow_program
1/1 Test: test_simple_max_flow_program
Command: "/home/dade/Desktop/capacitated-mapd/third_party/or-tools_cpp_Ubuntu-22.04-64bit_v9.4.1874/examples/simple_max_flow_program/build/bin/simple_max_flow_program"
Directory: /home/dade/Desktop/capacitated-mapd/third_party/or-tools_cpp_Ubuntu-22.04-64bit_v9.4.1874/examples/simple_max_flow_program/build
"test_simple_max_flow_program" start time: Nov 04 15:58 CET
Output:
----------------------------------------------------------
WARNING: Logging before InitGoogleLogging() is written to STDERR
I1104 15:58:09.475867  4665 simple_max_flow_program.cc:62] Solving the max flow problem failed. Solver status: 0
<end of output>
Test time =   0.01 sec
----------------------------------------------------------
Test Passed.
"test_simple_max_flow_program" end time: Nov 04 15:58 CET
"test_simple_max_flow_program" time elapsed: 00:00:00
----------------------------------------------------------

End testing: Nov 04 15:58 CET
