Start testing: Nov 04 15:58 CET
----------------------------------------------------------
1/1 Testing: test_simple_mip_program
1/1 Test: test_simple_mip_program
Command: "/home/dade/Desktop/capacitated-mapd/third_party/or-tools_cpp_Ubuntu-22.04-64bit_v9.4.1874/examples/simple_mip_program/build/bin/simple_mip_program"
Directory: /home/dade/Desktop/capacitated-mapd/third_party/or-tools_cpp_Ubuntu-22.04-64bit_v9.4.1874/examples/simple_mip_program/build
"test_simple_mip_program" start time: Nov 04 15:58 CET
Output:
----------------------------------------------------------
WARNING: Logging before InitGoogleLogging() is written to STDERR
I1104 15:58:14.710670  4896 simple_mip_program.cc:39] Number of variables = 2
I1104 15:58:14.710751  4896 simple_mip_program.cc:53] Number of constraints = 2
I1104 15:58:14.711775  4896 simple_mip_program.cc:73] Solution:
I1104 15:58:14.711783  4896 simple_mip_program.cc:74] Objective value = 23
I1104 15:58:14.711793  4896 simple_mip_program.cc:75] x = 3
I1104 15:58:14.711798  4896 simple_mip_program.cc:76] y = 2
I1104 15:58:14.711801  4896 simple_mip_program.cc:80] 
Advanced usage:
I1104 15:58:14.711804  4896 simple_mip_program.cc:81] Problem solved in 2 milliseconds
I1104 15:58:14.711808  4896 simple_mip_program.cc:82] Problem solved in 0 iterations
I1104 15:58:14.711810  4896 simple_mip_program.cc:83] Problem solved in 1 branch-and-bound nodes
<end of output>
Test time =   0.01 sec
----------------------------------------------------------
Test Passed.
"test_simple_mip_program" end time: Nov 04 15:58 CET
"test_simple_mip_program" time elapsed: 00:00:00
----------------------------------------------------------

End testing: Nov 04 15:58 CET
