Start testing: Nov 04 15:58 CET
----------------------------------------------------------
1/1 Testing: test_integer_programming
1/1 Test: test_integer_programming
Command: "/home/dade/Desktop/capacitated-mapd/third_party/or-tools_cpp_Ubuntu-22.04-64bit_v9.4.1874/examples/integer_programming/build/bin/integer_programming"
Directory: /home/dade/Desktop/capacitated-mapd/third_party/or-tools_cpp_Ubuntu-22.04-64bit_v9.4.1874/examples/integer_programming/build
"test_integer_programming" start time: Nov 04 15:58 CET
Output:
----------------------------------------------------------
<end of output>
Test time =   0.02 sec
----------------------------------------------------------
Test Passed.
"test_integer_programming" end time: Nov 04 15:58 CET
"test_integer_programming" time elapsed: 00:00:00
----------------------------------------------------------

End testing: Nov 04 15:58 CET
