Start testing: Nov 04 15:58 CET
----------------------------------------------------------
1/1 Testing: test_simple_min_cost_flow_program
1/1 Test: test_simple_min_cost_flow_program
Command: "/home/dade/Desktop/capacitated-mapd/third_party/or-tools_cpp_Ubuntu-22.04-64bit_v9.4.1874/examples/simple_min_cost_flow_program/build/bin/simple_min_cost_flow_program"
Directory: /home/dade/Desktop/capacitated-mapd/third_party/or-tools_cpp_Ubuntu-22.04-64bit_v9.4.1874/examples/simple_min_cost_flow_program/build
"test_simple_min_cost_flow_program" start time: Nov 04 15:58 CET
Output:
----------------------------------------------------------
WARNING: Logging before InitGoogleLogging() is written to STDERR
I1104 15:58:10.774054  4742 simple_min_cost_flow_program.cc:65] Minimum cost flow: 150
I1104 15:58:10.774119  4742 simple_min_cost_flow_program.cc:66] 
I1104 15:58:10.774124  4742 simple_min_cost_flow_program.cc:67]  Arc   Flow / Capacity  Cost
I1104 15:58:10.774127  4742 simple_min_cost_flow_program.cc:70] 0 -> 1  12  / 15       48
I1104 15:58:10.774131  4742 simple_min_cost_flow_program.cc:70] 0 -> 2  8  / 8       32
I1104 15:58:10.774133  4742 simple_min_cost_flow_program.cc:70] 1 -> 2  8  / 20       16
I1104 15:58:10.774136  4742 simple_min_cost_flow_program.cc:70] 1 -> 3  4  / 4       8
I1104 15:58:10.774138  4742 simple_min_cost_flow_program.cc:70] 1 -> 4  0  / 10       0
I1104 15:58:10.774141  4742 simple_min_cost_flow_program.cc:70] 2 -> 3  12  / 15       12
I1104 15:58:10.774144  4742 simple_min_cost_flow_program.cc:70] 2 -> 4  4  / 4       12
I1104 15:58:10.774146  4742 simple_min_cost_flow_program.cc:70] 3 -> 4  11  / 20       22
I1104 15:58:10.774149  4742 simple_min_cost_flow_program.cc:70] 4 -> 2  0  / 5       0
<end of output>
Test time =   0.01 sec
----------------------------------------------------------
Test Passed.
"test_simple_min_cost_flow_program" end time: Nov 04 15:58 CET
"test_simple_min_cost_flow_program" time elapsed: 00:00:00
----------------------------------------------------------

End testing: Nov 04 15:58 CET
