Start testing: Nov 04 15:58 CET
----------------------------------------------------------
1/1 Testing: test_linear_programming
1/1 Test: test_linear_programming
Command: "/home/dade/Desktop/capacitated-mapd/third_party/or-tools_cpp_Ubuntu-22.04-64bit_v9.4.1874/examples/linear_programming/build/bin/linear_programming"
Directory: /home/dade/Desktop/capacitated-mapd/third_party/or-tools_cpp_Ubuntu-22.04-64bit_v9.4.1874/examples/linear_programming/build
"test_linear_programming" start time: Nov 04 15:58 CET
Output:
----------------------------------------------------------
I1104 15:58:03.400428  4418 linear_programming.cc:29] ---- Linear programming example with GLOP ----
I1104 15:58:03.401281  4418 linear_programming.cc:76] Number of variables = 3
I1104 15:58:03.401300  4418 linear_programming.cc:77] Number of constraints = 3
I1104 15:58:03.402070  4418 linear_programming.cc:86] Problem solved in 0 milliseconds
I1104 15:58:03.402083  4418 linear_programming.cc:89] Optimal objective value = 733.333
I1104 15:58:03.402106  4418 linear_programming.cc:92] x1 = 33.3333
I1104 15:58:03.402114  4418 linear_programming.cc:93] x2 = 66.6667
I1104 15:58:03.402120  4418 linear_programming.cc:94] x3 = 0
I1104 15:58:03.402126  4418 linear_programming.cc:96] Advanced usage:
I1104 15:58:03.402131  4418 linear_programming.cc:97] Problem solved in 2 iterations
I1104 15:58:03.402137  4418 linear_programming.cc:98] x1: reduced cost = 0
I1104 15:58:03.402143  4418 linear_programming.cc:99] x2: reduced cost = 0
I1104 15:58:03.402149  4418 linear_programming.cc:100] x3: reduced cost = -2.66667
I1104 15:58:03.402158  4418 linear_programming.cc:102] c0: dual value = 3.33333 activity = 100
I1104 15:58:03.402166  4418 linear_programming.cc:104] c1: dual value = 0.666667 activity = 600
I1104 15:58:03.402173  4418 linear_programming.cc:106] c2: dual value = -0 activity = 200
I1104 15:58:03.402211  4418 linear_programming.cc:29] ---- Linear programming example with CLP ----
I1104 15:58:03.402342  4418 linear_programming.cc:76] Number of variables = 3
I1104 15:58:03.402348  4418 linear_programming.cc:77] Number of constraints = 3
I1104 15:58:03.402876  4418 linear_programming.cc:86] Problem solved in 0 milliseconds
I1104 15:58:03.402891  4418 linear_programming.cc:89] Optimal objective value = 733.333
I1104 15:58:03.402900  4418 linear_programming.cc:92] x1 = 33.3333
I1104 15:58:03.402906  4418 linear_programming.cc:93] x2 = 66.6667
I1104 15:58:03.402913  4418 linear_programming.cc:94] x3 = 0
I1104 15:58:03.402919  4418 linear_programming.cc:96] Advanced usage:
I1104 15:58:03.402925  4418 linear_programming.cc:97] Problem solved in 2 iterations
I1104 15:58:03.402930  4418 linear_programming.cc:98] x1: reduced cost = -8.88178e-16
I1104 15:58:03.402936  4418 linear_programming.cc:99] x2: reduced cost = 0
I1104 15:58:03.402942  4418 linear_programming.cc:100] x3: reduced cost = -2.66667
I1104 15:58:03.402948  4418 linear_programming.cc:102] c0: dual value = 3.33333 activity = 100
I1104 15:58:03.402955  4418 linear_programming.cc:104] c1: dual value = 0.666667 activity = 600
I1104 15:58:03.402962  4418 linear_programming.cc:106] c2: dual value = -0 activity = 200
I1104 15:58:03.403015  4418 linear_programming.cc:29] ---- Linear programming example with GUROBI_LP ----
I1104 15:58:03.403169  4418 linear_programming.cc:37] Supports for solver GUROBI_LP not linked in.
I1104 15:58:03.403177  4418 linear_programming.cc:29] ---- Linear programming example with CPLEX_LP ----
I1104 15:58:03.403183  4418 linear_programming.cc:37] Supports for solver CPLEX_LP not linked in.
I1104 15:58:03.403189  4418 linear_programming.cc:29] ---- Linear programming example with GLPK_LP ----
I1104 15:58:03.403195  4418 linear_programming.cc:37] Supports for solver GLPK_LP not linked in.
I1104 15:58:03.403200  4418 linear_programming.cc:29] ---- Linear programming example with XPRESS_LP ----
I1104 15:58:03.403206  4418 linear_programming.cc:37] Supports for solver XPRESS_LP not linked in.
I1104 15:58:03.403212  4418 linear_programming.cc:29] ---- Linear programming example with PDLP ----
I1104 15:58:03.403237  4418 linear_programming.cc:76] Number of variables = 3
I1104 15:58:03.403245  4418 linear_programming.cc:77] Number of constraints = 3
I1104 15:58:03.404579  4418 linear_programming.cc:86] Problem solved in 1 milliseconds
I1104 15:58:03.404591  4418 linear_programming.cc:89] Optimal objective value = 733.334
I1104 15:58:03.404601  4418 linear_programming.cc:92] x1 = 33.3324
I1104 15:58:03.404607  4418 linear_programming.cc:93] x2 = 66.6682
I1104 15:58:03.404613  4418 linear_programming.cc:94] x3 = 0
I1104 15:58:03.404620  4418 linear_programming.cc:96] Advanced usage:
I1104 15:58:03.404625  4418 linear_programming.cc:97] Problem solved in 256 iterations
I1104 15:58:03.404659  4418 linear_programming.cc:98] x1: reduced cost = -0
I1104 15:58:03.404666  4418 linear_programming.cc:99] x2: reduced cost = -2.67579e-07
I1104 15:58:03.404673  4418 linear_programming.cc:100] x3: reduced cost = -2.66667
I1104 15:58:03.404681  4418 linear_programming.cc:102] c0: dual value = 3.33333 activity = 100.001
I1104 15:58:03.404689  4418 linear_programming.cc:104] c1: dual value = 0.666667 activity = 599.997
I1104 15:58:03.404696  4418 linear_programming.cc:106] c2: dual value = -0 activity = 200.001
<end of output>
Test time =   0.01 sec
----------------------------------------------------------
Test Passed.
"test_linear_programming" end time: Nov 04 15:58 CET
"test_linear_programming" time elapsed: 00:00:00
----------------------------------------------------------

End testing: Nov 04 15:58 CET
